-------------------------------------------------------------------------------
Test set: TestSuite
-------------------------------------------------------------------------------
Tests run: 9, Failures: 8, Errors: 0, Skipped: 0, Time elapsed: 256.803 s <<< FAILURE! - in TestSuite
DepartmentNtest(edaTest.DepartmentAddNegativeTest)  Time elapsed: 57.067 s  <<< FAILURE!
org.junit.ComparisonFailure: expected:<...er department name!![]> but was:<...er department name!![asdffg]>
	at edaTest.DepartmentAddNegativeTest.DepartmentNtest(DepartmentAddNegativeTest.java:94)

DepartmentNtest(edaTest.DepartmentAddNegativeTest)  Time elapsed: 37.213 s  <<< FAILURE!
org.junit.ComparisonFailure: expected:<...p the required field[]> but was:<...p the required field[ dfdg]>
	at edaTest.DepartmentAddNegativeTest.DepartmentNtest(DepartmentAddNegativeTest.java:101)

DepartmentNtest(edaTest.DepartmentAddNegativeTest)  Time elapsed: 35.313 s  <<< FAILURE!
org.junit.ComparisonFailure: expected:<...p the required field[]> but was:<...p the required field[ dfdg]>
	at edaTest.DepartmentAddNegativeTest.DepartmentNtest(DepartmentAddNegativeTest.java:101)

DepartmentNtest(edaTest.DepartmentAddNegativeTest)  Time elapsed: 39.069 s  <<< FAILURE!
org.junit.ComparisonFailure: expected:<...p the required field[]> but was:<...p the required field[ dfdg]>
	at edaTest.DepartmentAddNegativeTest.DepartmentNtest(DepartmentAddNegativeTest.java:101)

DepartmentNtest(edaTest.DepartmentAddNegativeTest)  Time elapsed: 19.522 s  <<< FAILURE!
org.openqa.selenium.NoSuchElementException: 
no such element: Unable to locate element: {"method":"xpath","selector":"//*[@id='projects']/a/span"}
  (Session info: chrome=72.0.3626.121)
  (Driver info: chromedriver=2.36.540470 (e522d04694c7ebea4ba8821272dbef4f9b818c91),platform=Windows NT 6.1.7601 SP1 x86) (WARNING: The server did not provide any stacktrace information)
Command duration or timeout: 0 milliseconds
For documentation on this error, please visit: http://seleniumhq.org/exceptions/no_such_element.html
Build info: version: '3.141.5', revision: 'd54ebd709a', time: '2018-11-06T11:42:16'
System info: host: 'ARKADEY-PC', ip: '192.168.1.33', os.name: 'Windows 7', os.arch: 'x86', os.version: '6.1', java.version: '1.8.0_161'
Driver info: org.openqa.selenium.chrome.ChromeDriver
Capabilities {acceptInsecureCerts: false, acceptSslCerts: false, applicationCacheEnabled: false, browserConnectionEnabled: false, browserName: chrome, chrome: {chromedriverVersion: 2.36.540470 (e522d04694c7eb..., userDataDir: C:\Users\arka\AppData\Local...}, cssSelectorsEnabled: true, databaseEnabled: false, handlesAlerts: true, hasTouchScreen: false, javascriptEnabled: true, locationContextEnabled: true, mobileEmulationEnabled: false, nativeEvents: true, networkConnectionEnabled: false, pageLoadStrategy: normal, platform: XP, platformName: XP, rotatable: false, setWindowRect: true, takesHeapSnapshot: true, takesScreenshot: true, unexpectedAlertBehaviour: , unhandledPromptBehavior: , version: 72.0.3626.121, webStorageEnabled: true}
Session ID: b3ba7aec90597f3531c4d71449c16060
*** Element info: {Using=xpath, value=//*[@id='projects']/a/span}
	at edaTest.DepartmentAddNegativeTest.DepartmentNtest(DepartmentAddNegativeTest.java:62)

DepartmentNtest(edaTest.DepartmentAddNegativeTest)  Time elapsed: 28.375 s  <<< FAILURE!
org.junit.ComparisonFailure: expected:<...p the required field[]> but was:<...p the required field[ dfdg]>
	at edaTest.DepartmentAddNegativeTest.DepartmentNtest(DepartmentAddNegativeTest.java:101)

Department(edaTest.DepartmentAddTest)  Time elapsed: 12.029 s  <<< FAILURE!
org.openqa.selenium.NoSuchElementException: 
no such element: Unable to locate element: {"method":"css selector","selector":"input[value='Sign In']"}
  (Session info: chrome=72.0.3626.121)
  (Driver info: chromedriver=2.36.540470 (e522d04694c7ebea4ba8821272dbef4f9b818c91),platform=Windows NT 6.1.7601 SP1 x86) (WARNING: The server did not provide any stacktrace information)
Command duration or timeout: 0 milliseconds
For documentation on this error, please visit: http://seleniumhq.org/exceptions/no_such_element.html
Build info: version: '3.141.5', revision: 'd54ebd709a', time: '2018-11-06T11:42:16'
System info: host: 'ARKADEY-PC', ip: '192.168.1.33', os.name: 'Windows 7', os.arch: 'x86', os.version: '6.1', java.version: '1.8.0_161'
Driver info: org.openqa.selenium.chrome.ChromeDriver
Capabilities {acceptInsecureCerts: false, acceptSslCerts: false, applicationCacheEnabled: false, browserConnectionEnabled: false, browserName: chrome, chrome: {chromedriverVersion: 2.36.540470 (e522d04694c7eb..., userDataDir: C:\Users\arka\AppData\Local...}, cssSelectorsEnabled: true, databaseEnabled: false, handlesAlerts: true, hasTouchScreen: false, javascriptEnabled: true, locationContextEnabled: true, mobileEmulationEnabled: false, nativeEvents: true, networkConnectionEnabled: false, pageLoadStrategy: normal, platform: XP, platformName: XP, rotatable: false, setWindowRect: true, takesHeapSnapshot: true, takesScreenshot: true, unexpectedAlertBehaviour: , unhandledPromptBehavior: , version: 72.0.3626.121, webStorageEnabled: true}
Session ID: b3ba7aec90597f3531c4d71449c16060
*** Element info: {Using=css selector, value=input[value='Sign In']}
	at edaTest.DepartmentAddTest.Department(DepartmentAddTest.java:35)

teardown(edaTest.DepartmentAddNegativeTest)  Time elapsed: 14.343 s  <<< FAILURE!
java.lang.NullPointerException

