<?xml version="1.0" encoding="UTF-8"?>
<!-- Generated by org.testng.reporters.JUnitXMLReporter -->
<testsuite hostname="ArkaDey-PC" name="Departments" tests="14" failures="2" timestamp="15 Jun 2019 10:09:44 GMT" time="400.407" errors="0">
  <testcase name="@AfterTest teardown" time="0.0" classname="edaTest.DepartmentAddNegativeTest">
    <failure type="java.lang.NullPointerException">
      <![CDATA[java.lang.NullPointerException
	at edaTest.DepartmentAddNegativeTest.teardown(DepartmentAddNegativeTest.java:144)
... Removed 22 stack frames]]>
    </failure>
  </testcase> <!-- @AfterTest teardown -->
  <testcase name="DepartmentNtest" time="28.316" classname="edaTest.DepartmentAddNegativeTest"/>
  <testcase name="DepartmentNtest" time="26.925" classname="edaTest.DepartmentAddNegativeTest"/>
  <testcase name="DepartmentNtest" time="26.918" classname="edaTest.DepartmentAddNegativeTest"/>
  <testcase name="DepartmentNtest" time="26.859" classname="edaTest.DepartmentAddNegativeTest"/>
  <testcase name="DepartmentNtest" time="26.812" classname="edaTest.DepartmentAddNegativeTest"/>
  <testcase name="DepartmentNtest" time="22.799" classname="edaTest.DepartmentAddNegativeTest"/>
  <testcase name="DepartmentPositveAdd" time="24.798" classname="edaTest.DepartmentAddTest"/>
  <testcase name="DepartmentEdit" time="22.587" classname="edaTest.DepartmentEditTest"/>
  <testcase name="AMultipleUserSelect" time="17.808" classname="edaTest.DepartmentManageUserTest">
    <failure type="java.lang.AssertionError" message="expected [goooogle] but found [google]">
      <![CDATA[java.lang.AssertionError: expected [goooogle] but found [google]
	at edaTest.DepartmentManageUserTest.AMultipleUserSelect(DepartmentManageUserTest.java:93)
... Removed 29 stack frames]]>
    </failure>
  </testcase> <!-- AMultipleUserSelect -->
  <testcase name="BSingleUserSelect" time="19.782" classname="edaTest.DepartmentManageUserTest"/>
  <testcase name="CSingledeUserSelect" time="30.747" classname="edaTest.DepartmentManageUserTest"/>
  <testcase name="DMultideUserSelect" time="30.05" classname="edaTest.DepartmentManageUserTest"/>
  <testcase name="EditUerforDepartment" time="12.091" classname="edaTest.DepartmentviewUserTest">
    <failure type="org.openqa.selenium.NoSuchElementException" message="no such element: Unable to locate element: {&amp;quot;method&amp;quot;:&amp;quot;css selector&amp;quot;,&amp;quot;selector&amp;quot;:&amp;quot;input[value=&amp;apos;Sign In&amp;apos;]&amp;quot;}
  (Session info: chrome=74.0.3729.169)
  (Driver info: chromedriver=2.36.540470 (e522d04694c7ebea4ba8821272dbef4f9b818c91),platform=Windows NT 6.1.7601 SP1 x86) (WARNING: The server did not provide any stacktrace information)
Command duration or timeout: 0 milliseconds
For documentation on this error, please visit: http://seleniumhq.org/exceptions/no_such_element.html
Build info: version: &amp;apos;3.141.5&amp;apos;, revision: &amp;apos;d54ebd709a&amp;apos;, time: &amp;apos;2018-11-06T11:42:16&amp;apos;
System info: host: &amp;apos;ARKADEY-PC&amp;apos;, ip: &amp;apos;192.168.1.33&amp;apos;, os.name: &amp;apos;Windows 7&amp;apos;, os.arch: &amp;apos;x86&amp;apos;, os.version: &amp;apos;6.1&amp;apos;, java.version: &amp;apos;1.8.0_211&amp;apos;
Driver info: org.openqa.selenium.chrome.ChromeDriver
Capabilities {acceptInsecureCerts: false, acceptSslCerts: false, applicationCacheEnabled: false, browserConnectionEnabled: false, browserName: chrome, chrome: {chromedriverVersion: 2.36.540470 (e522d04694c7eb..., userDataDir: C:\Users\arka\AppData\Local...}, cssSelectorsEnabled: true, databaseEnabled: false, handlesAlerts: true, hasTouchScreen: false, javascriptEnabled: true, locationContextEnabled: true, mobileEmulationEnabled: false, nativeEvents: true, networkConnectionEnabled: false, pageLoadStrategy: normal, platform: XP, platformName: XP, rotatable: false, setWindowRect: true, takesHeapSnapshot: true, takesScreenshot: true, unexpectedAlertBehaviour: , unhandledPromptBehavior: , version: 74.0.3729.169, webStorageEnabled: true}
Session ID: a5ef165a86c3e82f73ccdd751bea4ea8
*** Element info: {Using=css selector, value=input[value=&amp;apos;Sign In&amp;apos;]}">
      <![CDATA[org.openqa.selenium.NoSuchElementException: no such element: Unable to locate element: {"method":"css selector","selector":"input[value='Sign In']"}
  (Session info: chrome=74.0.3729.169)
  (Driver info: chromedriver=2.36.540470 (e522d04694c7ebea4ba8821272dbef4f9b818c91),platform=Windows NT 6.1.7601 SP1 x86) (WARNING: The server did not provide any stacktrace information)
Command duration or timeout: 0 milliseconds
For documentation on this error, please visit: http://seleniumhq.org/exceptions/no_such_element.html
Build info: version: '3.141.5', revision: 'd54ebd709a', time: '2018-11-06T11:42:16'
System info: host: 'ARKADEY-PC', ip: '192.168.1.33', os.name: 'Windows 7', os.arch: 'x86', os.version: '6.1', java.version: '1.8.0_211'
Driver info: org.openqa.selenium.chrome.ChromeDriver
Capabilities {acceptInsecureCerts: false, acceptSslCerts: false, applicationCacheEnabled: false, browserConnectionEnabled: false, browserName: chrome, chrome: {chromedriverVersion: 2.36.540470 (e522d04694c7eb..., userDataDir: C:\Users\arka\AppData\Local...}, cssSelectorsEnabled: true, databaseEnabled: false, handlesAlerts: true, hasTouchScreen: false, javascriptEnabled: true, locationContextEnabled: true, mobileEmulationEnabled: false, nativeEvents: true, networkConnectionEnabled: false, pageLoadStrategy: normal, platform: XP, platformName: XP, rotatable: false, setWindowRect: true, takesHeapSnapshot: true, takesScreenshot: true, unexpectedAlertBehaviour: , unhandledPromptBehavior: , version: 74.0.3729.169, webStorageEnabled: true}
Session ID: a5ef165a86c3e82f73ccdd751bea4ea8
*** Element info: {Using=css selector, value=input[value='Sign In']}
	at org.openqa.selenium.remote.ErrorHandler.createThrowable(ErrorHandler.java:214)
	at org.openqa.selenium.remote.ErrorHandler.throwIfResponseFailed(ErrorHandler.java:166)
	at org.openqa.selenium.remote.http.JsonHttpResponseCodec.reconstructValue(JsonHttpResponseCodec.java:40)
	at org.openqa.selenium.remote.http.AbstractHttpResponseCodec.decode(AbstractHttpResponseCodec.java:80)
	at org.openqa.selenium.remote.http.AbstractHttpResponseCodec.decode(AbstractHttpResponseCodec.java:44)
	at org.openqa.selenium.remote.HttpCommandExecutor.execute(HttpCommandExecutor.java:158)
	at org.openqa.selenium.remote.service.DriverCommandExecutor.execute(DriverCommandExecutor.java:83)
	at org.openqa.selenium.remote.RemoteWebDriver.execute(RemoteWebDriver.java:552)
	at org.openqa.selenium.remote.RemoteWebDriver.findElement(RemoteWebDriver.java:323)
	at org.openqa.selenium.remote.RemoteWebDriver.findElementByCssSelector(RemoteWebDriver.java:420)
	at org.openqa.selenium.By$ByCssSelector.findElement(By.java:431)
	at org.openqa.selenium.remote.RemoteWebDriver.findElement(RemoteWebDriver.java:315)
	at pageObjects.WelcomePage.getsignIn(WelcomePage.java:35)
	at edaTest.DepartmentviewUserTest.EditUerforDepartment(DepartmentviewUserTest.java:107)
... Removed 28 stack frames]]>
    </failure>
  </testcase> <!-- EditUerforDepartment -->
  <testcase name="UserActiveInacive" time="32.14" classname="edaTest.DepartmentviewUserTest"/>
</testsuite> <!-- Departments -->
